<?xml version="1.0" encoding="UTF-8"?>
<testng-results ignored="0" total="1" passed="1" failed="0" skipped="0">
  <reporter-output>
  </reporter-output>
  <suite started-at="2023-04-14T13:23:51 CLT" name="Default suite" finished-at="2023-04-14T13:23:56 CLT" duration-ms="4546">
    <groups>
    </groups>
    <test started-at="2023-04-14T13:23:51 CLT" name="Default test" finished-at="2023-04-14T13:23:56 CLT" duration-ms="4546">
      <class name="test.orders.UserOrderTests">
        <test-method is-config="true" signature="setUp()[pri:0, instance:test.orders.UserOrderTests@433d61fb]" started-at="2023-04-14T13:23:51 CLT" name="setUp" finished-at="2023-04-14T13:23:55 CLT" duration-ms="3721" status="PASS">
          <reporter-output>
          </reporter-output>
        </test-method> <!-- setUp -->
        <test-method signature="addProductToCartFromPDP()[pri:0, instance:test.orders.UserOrderTests@433d61fb]" started-at="2023-04-14T13:23:55 CLT" name="addProductToCartFromPDP" finished-at="2023-04-14T13:23:56 CLT" duration-ms="799" status="PASS">
          <reporter-output>
          </reporter-output>
        </test-method> <!-- addProductToCartFromPDP -->
      </class> <!-- test.orders.UserOrderTests -->
    </test> <!-- Default test -->
  </suite> <!-- Default suite -->
</testng-results>
