<?xml version="1.0" encoding="UTF-8"?>
<testng-results ignored="0" total="2" passed="2" failed="0" skipped="0">
  <reporter-output>
  </reporter-output>
  <suite started-at="2023-04-14T17:00:32 CLT" name="Default suite" finished-at="2023-04-14T17:00:39 CLT" duration-ms="6379">
    <groups>
    </groups>
    <test started-at="2023-04-14T17:00:32 CLT" name="Default test" finished-at="2023-04-14T17:00:39 CLT" duration-ms="6379">
      <class name="test.orders.UserOrderTests">
        <test-method is-config="true" signature="setUp()[pri:0, instance:test.orders.UserOrderTests@43301423]" started-at="2023-04-14T17:00:32 CLT" name="setUp" finished-at="2023-04-14T17:00:36 CLT" duration-ms="3665" status="PASS">
          <reporter-output>
          </reporter-output>
        </test-method> <!-- setUp -->
        <test-method signature="addProductToCartFromIndex()[pri:0, instance:test.orders.UserOrderTests@43301423]" started-at="2023-04-14T17:00:36 CLT" name="addProductToCartFromIndex" finished-at="2023-04-14T17:00:37 CLT" duration-ms="804" status="PASS">
          <reporter-output>
          </reporter-output>
        </test-method> <!-- addProductToCartFromIndex -->
        <test-method is-config="true" signature="tearDown()[pri:0, instance:test.orders.UserOrderTests@43301423]" started-at="2023-04-14T17:00:37 CLT" name="tearDown" finished-at="2023-04-14T17:00:37 CLT" duration-ms="180" status="PASS">
          <reporter-output>
          </reporter-output>
        </test-method> <!-- tearDown -->
        <test-method is-config="true" signature="setUp()[pri:0, instance:test.orders.UserOrderTests@43301423]" started-at="2023-04-14T17:00:37 CLT" name="setUp" finished-at="2023-04-14T17:00:38 CLT" duration-ms="754" status="PASS">
          <reporter-output>
          </reporter-output>
        </test-method> <!-- setUp -->
        <test-method signature="addProductToCartFromPDP()[pri:0, instance:test.orders.UserOrderTests@43301423]" started-at="2023-04-14T17:00:38 CLT" name="addProductToCartFromPDP" finished-at="2023-04-14T17:00:38 CLT" duration-ms="784" status="PASS">
          <reporter-output>
          </reporter-output>
        </test-method> <!-- addProductToCartFromPDP -->
        <test-method is-config="true" signature="tearDown()[pri:0, instance:test.orders.UserOrderTests@43301423]" started-at="2023-04-14T17:00:38 CLT" name="tearDown" finished-at="2023-04-14T17:00:39 CLT" duration-ms="167" status="PASS">
          <reporter-output>
          </reporter-output>
        </test-method> <!-- tearDown -->
      </class> <!-- test.orders.UserOrderTests -->
    </test> <!-- Default test -->
  </suite> <!-- Default suite -->
</testng-results>
